Log file open, 04/22/25 10:43:30
LogWindows: Enabling Tpause support
LogTrace: Initializing trace...
LogTrace: Finished trace initialization.
LogInit: Session CrashGUID >====================================================
         Session CrashGUID >   UECC-Windows-8E6803024087FF3F9B6EDC96837005FF
         Session CrashGUID >====================================================
LogConfig: No local boot hotfix file found at: [../../../../../../Users/Victor/OneDrive/Documents/Unreal Projects/BigModeGame3/BigModeGameJam2/BigModeGameJam2/Saved/PersistentDownloadDir/HotfixForNextBoot.txt]
LogPluginManager: Mounting Engine plugin PlatformCrypto
LogInit: ExecutableName: UnrealPak.exe
LogInit: Build: ++UE5+Release-5.5-CL-38445549
LogInit: Platform=WindowsEditor
LogInit: MachineId=c8d1f2f6499dba58b7b103989ac7e200
LogInit: DeviceId=
LogInit: Engine Version: 5.5.1-38445549+++UE5+Release-5.5
LogInit: Compatible Engine Version: 5.5.0-37670630+++UE5+Release-5.5
LogInit: Net CL: 37670630
LogInit: OS: Windows 11 (24H2) [10.0.26100.3775] (), CPU: 12th Gen Intel(R) Core(TM) i7-12700K, GPU: NVIDIA GeForce RTX 3090
LogInit: Compiled (64-bit): Nov 28 2024 01:10:43
LogInit: Architecture: x64
LogInit: Compiled with Visual C++: 19.38.33130.00
LogInit: Build Configuration: Development
LogInit: Branch Name: ++UE5+Release-5.5
LogInit: Command Line: -CreateGlobalContainer="C:\Users\Victor\OneDrive\Documents\Unreal Projects\BigModeGame3\BigModeGameJam2\BigModeGameJam2\Saved\StagedBuilds\Windows\BigModeGameJam2\Content\Paks\global.utoc" -PackageStoreManifest="C:\Users\Victor\OneDrive\Documents\Unreal Projects\BigModeGame3\BigModeGameJam2\BigModeGameJam2\Saved\Cooked\Windows\BigModeGameJam2\Metadata\packagestore.manifest" -CookedDirectory="C:\Users\Victor\OneDrive\Documents\Unreal Projects\BigModeGame3\BigModeGameJam2\BigModeGameJam2\Saved\Cooked\Windows" -Commands="C:\Users\Victor\AppData\Roaming\Unreal Engine\AutomationTool\Logs\C+Program+Files+Epic+Games+UE_5.5\IoStoreCommands.txt" -ScriptObjects="C:\Users\Victor\OneDrive\Documents\Unreal Projects\BigModeGame3\BigModeGameJam2\BigModeGameJam2\Saved\Cooked\Windows\BigModeGameJam2\Metadata\scriptobjects.bin" -patchpaddingalign=2048 -compressionformats=Oodle -compresslevel=4 -compressmethod=Kraken -cryptokeys="C:\Users\Victor\OneDrive\Documents\Unreal Projects\BigModeGame3\BigModeGameJam2\BigModeGameJam2\Saved\Cooked\Windows\BigModeGameJam2\Metadata\Crypto.json" -compressionMinBytesSaved=1024 -compressionMinPercentSaved=5 -WriteBackMetadataToAssetRegistry=Disabled -nopak
LogInit: Base Directory: C:/Program Files/Epic Games/UE_5.5/Engine/Binaries/Win64/
LogInit: Allocator: Mimalloc
LogInit: Installed Engine Build: 1
LogInit: This binary is optimized with LTO: no, PGO: no, instrumented for PGO data collection: no
LogDevObjectVersion: Number of dev versions registered: 35
LogDevObjectVersion:   Dev-Blueprints (B0D832E4-1F89-4F0D-ACCF-7EB736FD4AA2): 10
LogDevObjectVersion:   Dev-Build (E1C64328-A22C-4D53-A36C-8E866417BD8C): 0
LogDevObjectVersion:   Dev-Core (375EC13C-06E4-48FB-B500-84F0262A717E): 4
LogDevObjectVersion:   Dev-Editor (E4B068ED-F494-42E9-A231-DA0B2E46BB41): 40
LogDevObjectVersion:   Dev-Framework (CFFC743F-43B0-4480-9391-14DF171D2073): 37
LogDevObjectVersion:   Dev-Mobile (B02B49B5-BB20-44E9-A304-32B752E40360): 3
LogDevObjectVersion:   Dev-Networking (A4E4105C-59A1-49B5-A7C5-40C4547EDFEE): 0
LogDevObjectVersion:   Dev-Online (39C831C9-5AE6-47DC-9A44-9C173E1C8E7C): 0
LogDevObjectVersion:   Dev-Physics (78F01B33-EBEA-4F98-B9B4-84EACCB95AA2): 20
LogDevObjectVersion:   Dev-Platform (6631380F-2D4D-43E0-8009-CF276956A95A): 0
LogDevObjectVersion:   Dev-Rendering (12F88B9F-8875-4AFC-A67C-D90C383ABD29): 49
LogDevObjectVersion:   Dev-Sequencer (7B5AE74C-D270-4C10-A958-57980B212A5A): 13
LogDevObjectVersion:   Dev-VR (D7296918-1DD6-4BDD-9DE2-64A83CC13884): 3
LogDevObjectVersion:   Dev-LoadTimes (C2A15278-BFE7-4AFE-6C17-90FF531DF755): 1
LogDevObjectVersion:   Private-Geometry (6EACA3D4-40EC-4CC1-B786-8BED09428FC5): 3
LogDevObjectVersion:   Dev-AnimPhys (29E575DD-E0A3-4627-9D10-D276232CDCEA): 17
LogDevObjectVersion:   Dev-Anim (AF43A65D-7FD3-4947-9873-3E8ED9C1BB05): 15
LogDevObjectVersion:   Dev-ReflectionCapture (6B266CEC-1EC7-4B8F-A30B-E4D90942FC07): 1
LogDevObjectVersion:   Dev-Automation (0DF73D61-A23F-47EA-B727-89E90C41499A): 1
LogDevObjectVersion:   FortniteMain (601D1886-AC64-4F84-AA16-D3DE0DEAC7D6): 170
LogDevObjectVersion:   FortniteValkyrie (8DBC2C5B-54A7-43E0-A768-FCBB7DA29060): 8
LogDevObjectVersion:   FortniteSeason (5B4C06B7-2463-4AF8-805B-BF70CDF5D0DD): 13
LogDevObjectVersion:   FortniteRelease (E7086368-6B23-4C58-8439-1B7016265E91): 15
LogDevObjectVersion:   Dev-Enterprise (9DFFBCD6-494F-0158-E221-12823C92A888): 10
LogDevObjectVersion:   Dev-Niagara (F2AED0AC-9AFE-416F-8664-AA7FFA26D6FC): 1
LogDevObjectVersion:   Dev-Destruction (174F1F0B-B4C6-45A5-B13F-2EE8D0FB917D): 10
LogDevObjectVersion:   Dev-Physics-Ext (35F94A83-E258-406C-A318-09F59610247C): 41
LogDevObjectVersion:   Dev-PhysicsMaterial-Chaos (B68FC16E-8B1B-42E2-B453-215C058844FE): 1
LogDevObjectVersion:   Dev-CineCamera (B2E18506-4273-CFC2-A54E-F4BB758BBA07): 1
LogDevObjectVersion:   Dev-VirtualProduction (64F58936-FD1B-42BA-BA96-7289D5D0FA4E): 1
LogDevObjectVersion:   UE5-Main (697DD581-E64F-41AB-AA4A-51ECBEB7B628): 119
LogDevObjectVersion:   UE5-Release (D89B5E42-24BD-4D46-8412-ACA8DF641779): 51
LogDevObjectVersion:   UE5-PrivateFrosty (59DA5D52-1232-4948-B878-597870B8E98B): 8
LogDevObjectVersion:   Dev-MediaFramework (6F0ED827-A609-4895-9C91-998D90180EA4): 2
LogDevObjectVersion:   Dev-NaniteResearch (30D58BE3-95EA-4282-A6E3-B159D8EBB06A): 1
LogConfig: Branch 'PlatformCrypto' had been unloaded. Reloading on-demand took 0.24ms
LogInit: Presizing for max 100000 objects, including 0 objects not considered by GC.
LogStreaming: Display: AsyncLoading2 - Created: Event Driven Loader: false, Async Loading Thread: false, Async Post Load: false
LogStreaming: Display: AsyncLoading2 - Initialized
LogInit: Object subsystem initialized
LogConfig: Applying CVar settings from Section [Startup] File [../../../Engine/Config/ConsoleVariables.ini]
LogConfig: CVar [[r.DumpShaderDebugInfo:2]] deferred - dummy variable created
LogConfig: CVar [[p.chaos.AllowCreatePhysxBodies:1]] deferred - dummy variable created
LogConfig: CVar [[fx.SkipVectorVMBackendOptimizations:1]] deferred - dummy variable created
LogConfig: CVar [[ds.CADTranslator.Meshing.ActivateThinZoneMeshing:0]] deferred - dummy variable created
LogConfig: CVar [[ds.CADTranslator.Stitching.RemoveThinFaces:0]] deferred - dummy variable created
LogConfig: Applying CVar settings from Section [Startup_Windows] File [../../../Engine/Config/ConsoleVariables.ini]
LogConfig: Applying CVar settings from Section [ConsoleVariables] File [Engine]
LogConfig: Set CVar [[memory.MemoryPressureCriticalThresholdMB:512]]
[2025.04.22-14.43.30:429][  0]LogInit: Computer: DESKTOP-NC7N7RA
[2025.04.22-14.43.30:429][  0]LogInit: User: Victor
[2025.04.22-14.43.30:429][  0]LogInit: CPU Page size=4096, Cores=12
[2025.04.22-14.43.30:429][  0]LogInit: High frequency timer resolution =10.000000 MHz
[2025.04.22-14.43.30:568][  0]LogMemory: Process is running as part of a Windows Job with separate resource limits
[2025.04.22-14.43.30:568][  0]LogMemory: Memory total: Physical=31.8GB (32GB approx) Virtual=42.3GB
[2025.04.22-14.43.30:568][  0]LogMemory: Platform Memory Stats for WindowsEditor
[2025.04.22-14.43.30:568][  0]LogMemory: Process Physical Memory: 70.46 MB used, 71.21 MB peak
[2025.04.22-14.43.30:568][  0]LogMemory: Process Virtual Memory: 148.13 MB used, 148.13 MB peak
[2025.04.22-14.43.30:568][  0]LogMemory: Physical Memory: 22873.55 MB used,  9686.32 MB free, 32559.87 MB total
[2025.04.22-14.43.30:568][  0]LogMemory: Virtual Memory: 40537.59 MB used,  2781.74 MB free, 43319.33 MB total
[2025.04.22-14.43.30:574][  0]LogAssetRegistry: FAssetRegistry took 0.0001 seconds to start up
[2025.04.22-14.43.30:574][  0]LogUObjectArray: 438 objects as part of root set at end of initial load.
[2025.04.22-14.43.30:574][  0]LogUObjectArray: CloseDisregardForGC: 0/0 objects in disregard for GC pool
[2025.04.22-14.43.30:574][  0]LogStreaming: Display: AsyncLoading2 - NotifyRegistrationComplete: Registered 428 public script object entries (15.03 KB)
[2025.04.22-14.43.30:574][  0]LogStreaming: Display: AsyncLoading2 - Thread Started: false, IsInitialLoad: false
[2025.04.22-14.43.30:574][  0]LogInit: Using OS detected language ().
[2025.04.22-14.43.30:574][  0]LogInit: Using OS detected locale ().
[2025.04.22-14.43.30:576][  0]LogTextLocalizationManager: No localization for '' exists, so 'en' will be used for the language.
[2025.04.22-14.43.30:576][  0]LogTextLocalizationManager: No localization for '' exists, so 'en' will be used for the locale.
[2025.04.22-14.43.30:576][  0]LogInit: Using OS detected language ().
[2025.04.22-14.43.30:576][  0]LogInit: Using OS detected locale ().
[2025.04.22-14.43.30:576][  0]LogTextLocalizationManager: No localization for '' exists, so 'en' will be used for the language.
[2025.04.22-14.43.30:576][  0]LogTextLocalizationManager: No localization for '' exists, so 'en' will be used for the locale.
[2025.04.22-14.43.30:576][  0]LogPakFile: Display: ProjectDir: ../../../../../../Users/Victor/OneDrive/Documents/Unreal Projects/BigModeGame3/BigModeGameJam2/BigModeGameJam2/
[2025.04.22-14.43.30:577][  0]LogIoStore: Display: ==================== IoStore Utils ====================
[2025.04.22-14.43.30:578][  0]LogIoStore: Display: Parsing crypto keys from a crypto key cache file 'C:\Users\Victor\OneDrive\Documents\Unreal Projects\BigModeGame3\BigModeGameJam2\BigModeGameJam2\Saved\Cooked\Windows\BigModeGameJam2\Metadata\Crypto.json'
[2025.04.22-14.43.30:580][  0]LogIoStore: Display: Container signing - DISABLED
[2025.04.22-14.43.30:580][  0]LogIoStore: Display: Directory index - ENABLED
[2025.04.22-14.43.30:580][  0]LogIoStore: Display: Using compression format 'Oodle'
[2025.04.22-14.43.30:580][  0]LogIoStore: Display: Using memory mapping alignment '16384'
[2025.04.22-14.43.30:580][  0]LogIoStore: Display: Using compression block size '65536'
[2025.04.22-14.43.30:580][  0]LogIoStore: Display: Using compression block alignment '2048'
[2025.04.22-14.43.30:580][  0]LogIoStore: Display: Using compression min bytes saved '1024'
[2025.04.22-14.43.30:580][  0]LogIoStore: Display: Using compression min percent saved '5'
[2025.04.22-14.43.30:580][  0]LogIoStore: Display: Using max partition size '0'
[2025.04.22-14.43.30:580][  0]LogIoStore: Display: Not using DDC for compression
[2025.04.22-14.43.30:580][  0]LogIoStore: Display: Using command list file: 'C:\Users\Victor\AppData\Roaming\Unreal Engine\AutomationTool\Logs\C+Program+Files+Epic+Games+UE_5.5\IoStoreCommands.txt'
[2025.04.22-14.43.30:593][  0]LogIoStore: Display: Selected Oodle level 4 (Normal) from command line for shaders
[2025.04.22-14.43.30:594][  0]LogIoStore: Display: Fetched 899 oplog items from Manifest in 0.00 seconds
[2025.04.22-14.43.30:597][  0]LogIoStore: Display: Parsed 899 oplog items 0.00 seconds, 1151 chunks
[2025.04.22-14.43.30:602][  0]LogIoStore: Display: Using input asset registry: C:/Users/Victor/OneDrive/Documents/Unreal Projects/BigModeGame3/BigModeGameJam2/BigModeGameJam2/Saved/Cooked/Windows/BigModeGameJam2/Metadata/DevelopmentAssetRegistry.bin
[2025.04.22-14.43.30:611][  0]LogIoStore: Display: Loaded 259 chunk hashes from AssetRegistry in 0.01 seconds, 259 hashes updated in 0.00 seconds
[2025.04.22-14.43.30:613][  0]LogIoStore: Display: Searching for cooked assets in folder 'C:\Users\Victor\OneDrive\Documents\Unreal Projects\BigModeGame3\BigModeGameJam2\BigModeGameJam2\Saved\Cooked\Windows'
[2025.04.22-14.43.30:631][  0]LogIoStore: Display: Found '2051' files
[2025.04.22-14.43.30:638][  0]LogIoStore: Display: Creating container targets...
[2025.04.22-14.43.30:643][  0]OodleDataCompression: Display: Oodle v2.9.12 format for pak/iostore with method=Kraken, level=4=Normal
[2025.04.22-14.43.30:727][  0]LogIoStore: Display: Parsing packages...
[2025.04.22-14.43.30:727][  0]LogIoStore: Display: Reading package assets...
[2025.04.22-14.43.30:732][  0]LogIoStore: Display: Packages read 892 files in 0.01 seconds, 2,029,433 total bytes, 386,934,545 bytes per second
[2025.04.22-14.43.30:735][  0]LogIoStore: Display: Processing shader libraries, compressing with Oodle Mermaid, level 4 (Normal)
[2025.04.22-14.43.30:738][  0]LogShaderLibrary: Display: Created IoStoreShaderArchive header: shaders grouped in 194 groups (76 of them didn't need new indices), average uncompressed size 64094 bytes, min 490 bytes, max 965040 bytes (r.ShaderCodeLibrary.MaxShaderGroupSize=1048576)
[2025.04.22-14.43.30:758][  0]LogIoStore: Display: BigModeGameJam2-PCD3D_SM5(PCD3D_SM5): Recompressed 1058 shaders as 194 groups. Library size changed from 3310 KB (3.67 : 1 ratio) to 1571 KB (7.73 : 1 ratio), 47.47% of previous.
[2025.04.22-14.43.30:766][  0]LogShaderLibrary: Display: Created IoStoreShaderArchive header: shaders grouped in 222 groups (59 of them didn't need new indices), average uncompressed size 129090 bytes, min 2342 bytes, max 966630 bytes (r.ShaderCodeLibrary.MaxShaderGroupSize=1048576)
[2025.04.22-14.43.30:840][  0]LogIoStore: Display: BigModeGameJam2-PCD3D_SM6(PCD3D_SM6): Recompressed 2196 shaders as 222 groups. Library size changed from 21328 KB (1.31 : 1 ratio) to 14369 KB (1.95 : 1 ratio), 67.37% of previous.
[2025.04.22-14.43.30:846][  0]LogShaderLibrary: Display: Created IoStoreShaderArchive header: shaders grouped in 360 groups (135 of them didn't need new indices), average uncompressed size 155766 bytes, min 249 bytes, max 1047981 bytes (r.ShaderCodeLibrary.MaxShaderGroupSize=1048576)
[2025.04.22-14.43.30:907][  0]LogIoStore: Display: Global-PCD3D_SM5(PCD3D_SM5): Recompressed 3915 shaders as 360 groups. Library size changed from 12617 KB (4.34 : 1 ratio) to 5555 KB (9.86 : 1 ratio), 44.03% of previous.
[2025.04.22-14.43.30:945][  0]LogShaderLibrary: Display: Created IoStoreShaderArchive header: shaders grouped in 542 groups (184 of them didn't need new indices), average uncompressed size 211161 bytes, min 1249 bytes, max 1045875 bytes (r.ShaderCodeLibrary.MaxShaderGroupSize=1048576)
[2025.04.22-14.43.31:280][  0]LogIoStore: Display: Global-PCD3D_SM6(PCD3D_SM6): Recompressed 7584 shaders as 542 groups. Library size changed from 85494 KB (1.31 : 1 ratio) to 48073 KB (2.32 : 1 ratio), 56.23% of previous.
[2025.04.22-14.43.31:286][  0]LogIoStore: Display: Shaders processed in 0.55 seconds
[2025.04.22-14.43.31:286][  0]LogIoStore: Display: Initialized WriteRequestManager with MaxConcurrentSourceReads=10 (20 cores), MaxSourceBufferMemory=3072MiB
[2025.04.22-14.43.31:287][  0]LogIoStore: Display: Processing redirects...
[2025.04.22-14.43.31:288][  0]LogIoStore: Display: Creating disk layout...
[2025.04.22-14.43.31:289][  0]LogIoStore: Display: Ordered 892 packages using fallback bundle order
[2025.04.22-14.43.31:300][  0]LogIoStore: Display: Serializing container(s)...
[2025.04.22-14.43.32:059][  0]LogIoStore: Display: Writing and compressing took 0.70 seconds, writes to disk took 0.28 seconds for 405,698,336 bytes @ 1,468,422,758 bytes per second.
[2025.04.22-14.43.32:059][  0]LogIoStore: Display: global: Found perfect hashmap for 1 items.
[2025.04.22-14.43.32:059][  0]LogIoStore: Display: BigModeGameJam2-Windows: Found perfect hashmap for 2472 items.
[2025.04.22-14.43.32:064][  0]LogIoStore: Display: Finalize took 0.0 seconds for 2 writers to write 335,691 bytes, 74,351,816 bytes per second
[2025.04.22-14.43.32:064][  0]LogIoStore: Display: Writing tocs... [Physical: 1003 MiB, Virtual: 3615 MiB]
[2025.04.22-14.43.32:064][  0]LogIoStore: Display: 259 / 2,473 hashes were loaded from the hash database, by type:
[2025.04.22-14.43.32:064][  0]LogIoStore: Display:     BulkData                   259
[2025.04.22-14.43.32:064][  0]LogIoStore: Display: 1,151 / 2,473 chunks attempted to compress, by type:
[2025.04.22-14.43.32:064][  0]LogIoStore: Display:     ExportBundleData           892 / 892
[2025.04.22-14.43.32:064][  0]LogIoStore: Display:     BulkData                   259 / 259
[2025.04.22-14.43.32:064][  0]LogIoStore: Display:     ScriptObjects              0 / 1
[2025.04.22-14.43.32:064][  0]LogIoStore: Display:     ContainerHeader            0 / 1
[2025.04.22-14.43.32:064][  0]LogIoStore: Display:     ShaderCodeLibrary          0 / 4
[2025.04.22-14.43.32:064][  0]LogIoStore: Display:     ShaderCode                 0 / 1,316
[2025.04.22-14.43.32:064][  0]LogIoStore: Display: Source bytes read:
[2025.04.22-14.43.32:064][  0]LogIoStore: Display:     Zen:                                  0
[2025.04.22-14.43.32:064][  0]LogIoStore: Display:     Loose File:                 886,419,769
[2025.04.22-14.43.32:064][  0]LogIoStore: Display:         ExportBundleData        421,136,512 bytes over 1,784 reads
[2025.04.22-14.43.32:064][  0]LogIoStore: Display:         BulkData                465,283,257 bytes over 259 reads
[2025.04.22-14.43.32:064][  0]LogIoStore: Display:     Memory:                     143,675,928
[2025.04.22-14.43.32:064][  0]LogIoStore: Display:         ShaderCodeLibrary         1,202,336 bytes over 8 reads
[2025.04.22-14.43.32:064][  0]LogIoStore: Display:         ShaderCode              142,473,592 bytes over 2,632 reads
[2025.04.22-14.43.32:064][  0]LogIoStore: Display: Calculating stats...
[2025.04.22-14.43.32:064][  0]LogIoStore: Display: 
[2025.04.22-14.43.32:064][  0]LogIoStore: Display: Container Summary
[2025.04.22-14.43.32:064][  0]LogIoStore: Display: ==================
[2025.04.22-14.43.32:064][  0]LogIoStore: Display: 
[2025.04.22-14.43.32:064][  0]LogIoStore: Display: Container                                               Flags      Chunk(s) #       TOC (KiB)       Raw Size (MiB)           Size (MiB)
[2025.04.22-14.43.32:064][  0]LogIoStore: Display: ----------------------------------------------------------------------------------------------------------------------------------------------
[2025.04.22-14.43.32:064][  0]LogIoStore: Display: global                                              -/-/-/-/-               1            0.62                 2.31                 2.31 -
[2025.04.22-14.43.32:064][  0]LogIoStore: Display: BigModeGameJam2-Windows                             C/-/-/I/-            2472          327.20               716.19               384.60 (46.30% Oodle)
[2025.04.22-14.43.32:064][  0]LogIoStore: Display: ----------------------------------------------------------------------------------------------------------------------------------------------
[2025.04.22-14.43.32:064][  0]LogIoStore: Display: Total                                                                    2473          327.82               718.50               386.90
[2025.04.22-14.43.32:064][  0]LogIoStore: Display: 
[2025.04.22-14.43.32:064][  0]LogIoStore: Display: ** Flags: (C)ompressed / (E)ncrypted / (S)igned) / (I)ndexed) / (O)nDemand **
[2025.04.22-14.43.32:064][  0]LogIoStore: Display: 
[2025.04.22-14.43.32:064][  0]LogIoStore: Display: Compression block padding:     1.77 MiB
[2025.04.22-14.43.32:064][  0]LogIoStore: Display: 
[2025.04.22-14.43.32:064][  0]LogIoStore: Display: Container Directory Index
[2025.04.22-14.43.32:064][  0]LogIoStore: Display: ==========================
[2025.04.22-14.43.32:064][  0]LogIoStore: Display: 
[2025.04.22-14.43.32:064][  0]LogIoStore: Display: Container                                          Size (KiB)
[2025.04.22-14.43.32:064][  0]LogIoStore: Display: ----------------------------------------------------------------------------------------------------------------------------------------------
[2025.04.22-14.43.32:064][  0]LogIoStore: Display: global                                                   0.00
[2025.04.22-14.43.32:064][  0]LogIoStore: Display: BigModeGameJam2-Windows                                 54.42
[2025.04.22-14.43.32:064][  0]LogIoStore: Display: 
[2025.04.22-14.43.32:064][  0]LogIoStore: Display: Container Patch Report
[2025.04.22-14.43.32:064][  0]LogIoStore: Display: ========================
[2025.04.22-14.43.32:064][  0]LogIoStore: Display: 
[2025.04.22-14.43.32:064][  0]LogIoStore: Display: Container                                             Total #       Modified #          Added #   Modified (MiB)      Added (MiB)
[2025.04.22-14.43.32:064][  0]LogIoStore: Display: ----------------------------------------------------------------------------------------------------------------------------------------------
[2025.04.22-14.43.32:064][  0]LogIoStore: Display: global                                                      1                0                0             0.00             0.00
[2025.04.22-14.43.32:064][  0]LogIoStore: Display: BigModeGameJam2-Windows                                  2472                0             2472             0.00           382.83
[2025.04.22-14.43.32:064][  0]LogIoStore: Display: 
[2025.04.22-14.43.32:064][  0]LogIoStore: Display: PackageStore
[2025.04.22-14.43.32:064][  0]LogIoStore: Display: =============
[2025.04.22-14.43.32:064][  0]LogIoStore: Display: 
[2025.04.22-14.43.32:064][  0]LogIoStore: Display: Container                                          Size (KiB)      Packages #     Localized #
[2025.04.22-14.43.32:064][  0]LogIoStore: Display: ----------------------------------------------------------------------------------------------------------------------------------------------
[2025.04.22-14.43.32:064][  0]LogIoStore: Display: BigModeGameJam2-Windows                                    30             892               0
[2025.04.22-14.43.32:064][  0]LogIoStore: Display: ----------------------------------------------------------------------------------------------------------------------------------------------
[2025.04.22-14.43.32:064][  0]LogIoStore: Display: Total                                                      30             892               0
[2025.04.22-14.43.32:064][  0]LogIoStore: Display: 
[2025.04.22-14.43.32:064][  0]LogIoStore: Display: 
[2025.04.22-14.43.32:064][  0]LogIoStore: Display: Input:       892 Packages
[2025.04.22-14.43.32:064][  0]LogIoStore: Display: Input:      0.20 GB UExp
[2025.04.22-14.43.32:064][  0]LogIoStore: Display: Input:      0.00 GB UAsset
[2025.04.22-14.43.32:064][  0]LogIoStore: Display: Input:      0.43 GB UBulk
[2025.04.22-14.43.32:064][  0]LogIoStore: Display: Input:     52.37 MB for 902 Global shaders
[2025.04.22-14.43.32:064][  0]LogIoStore: Display: Input:      1.73 MB for 165 Shared shaders
[2025.04.22-14.43.32:064][  0]LogIoStore: Display: Input:      0.00 MB for 0 Unique shaders
[2025.04.22-14.43.32:065][  0]LogIoStore: Display: Input:     13.84 MB for 249 Inline shaders
[2025.04.22-14.43.32:065][  0]LogIoStore: Display: 
[2025.04.22-14.43.32:065][  0]LogIoStore: Display: Output:    18485 Name map entries
[2025.04.22-14.43.32:065][  0]LogIoStore: Display: Output:     1366 Imported package entries
[2025.04.22-14.43.32:065][  0]LogIoStore: Display: Output:      456 Packages without imports
[2025.04.22-14.43.32:065][  0]LogIoStore: Display: Output:        0 Public runtime script objects
[2025.04.22-14.43.32:065][  0]LogIoStore: Display: Output:     0.00 GB HeaderData
[2025.04.22-14.43.32:065][  0]LogIoStore: Display: Output:     2.31 MB InitialLoadData
[2025.04.22-14.43.32:065][  0]LogIoStore: Display: 
[2025.04.22-14.43.32:068][  0]LogPakFile: Display: UnrealPak executed in 1.492620 seconds
[2025.04.22-14.43.32:074][  0]LogCore: Engine exit requested (reason: UnrealPak Exiting)
[2025.04.22-14.43.32:074][  0]LogExit: Preparing to exit.
[2025.04.22-14.43.32:074][  0]LogExit: Object subsystem successfully closed.
[2025.04.22-14.43.32:074][  0]LogPakFile: Destroying PakPlatformFile
[2025.04.22-14.43.32:076][  0]LogExit: Exiting.
[2025.04.22-14.43.32:086][  0]Log file closed, 04/22/25 10:43:32
